Starting calculation at10:47:14 on Sun 26 Feb 2023

Electronic part
-----------------
Reading file: ./CHGCAR
Potential stored on a 48x48x588 grid
Total number of points is 1354752
Reading potential data from file...done.

Total integrated electron number = 18.00000

Cell matrix:
Cell([[3.153161, 0.0, 0.0], [-1.57658, 2.730717, 0.0], [0.0, 0.0, 40.0]])

Crystal axis length (a,b,c)      =  3.15316 ,  3.15316 , 40.00000
Charge center (crystal axis)     =  0.57229 ,  0.40653 ,  0.25940
Charge center (Cartisen axis)    =  1.16359 ,  1.11013 , 10.37604

Total elect dipole moments (e*A) =  20.94460  19.98237  186.76878

Ionic part
-----------------
Reading file: ./OUTCAR
ZVAL          =  ['13.00', '5.00']
ions per type =  ['1', '1']

Ionic positions (Cartisen) for each type:
Type : 0
[[ 1.57658  0.91024  10.33492]]
Type : 1
[[ 0.00000  0.00000  10.49084]]

Total ionic dipole moments (e*A) =  20.49557  11.83310  186.80816

! Total dipole moment comes from:
!     \D_{ion} - \D_{elect}
! So the direction is correct.
! To use C/A unit, simply dot abs(e).

Total dipole moments (e*A)       =  -0.44903  -8.14927   0.03938

End of calculation.
Program was running for 8.66 seconds.
