ep_X:
 [[-0.006 -0.004 -0.002 -0.     0.002  0.004  0.006]
 [-0.006 -0.004 -0.002 -0.     0.002  0.004  0.006]
 [-0.006 -0.004 -0.002 -0.     0.002  0.004  0.006]
 [-0.006 -0.004 -0.002 -0.     0.002  0.004  0.006]
 [-0.006 -0.004 -0.002 -0.     0.002  0.004  0.006]
 [-0.006 -0.004 -0.002 -0.     0.002  0.004  0.006]
 [-0.006 -0.004 -0.002 -0.     0.002  0.004  0.006]] 

ep_Y:
 [[-0.006 -0.006 -0.006 -0.006 -0.006 -0.006 -0.006]
 [-0.004 -0.004 -0.004 -0.004 -0.004 -0.004 -0.004]
 [-0.002 -0.002 -0.002 -0.002 -0.002 -0.002 -0.002]
 [-0.    -0.    -0.    -0.    -0.    -0.    -0.   ]
 [ 0.002  0.002  0.002  0.002  0.002  0.002  0.002]
 [ 0.004  0.004  0.004  0.004  0.004  0.004  0.004]
 [ 0.006  0.006  0.006  0.006  0.006  0.006  0.006]] 

Toten:
 [[-54.86818274 -54.8683647  -54.86848941 -54.86855022 -54.86856227
  -54.86851702 -54.8684108 ]
 [-54.8683638  -54.86853126 -54.86864257 -54.86869899 -54.8686957
  -54.86863022 -54.86851127]
 [-54.86848234 -54.86864292 -54.86873195 -54.86878169 -54.86875934
  -54.86868538 -54.86854987]
 [-54.86855224 -54.86869578 -54.86878536 -54.86880547 -54.86877726
  -54.86868939 -54.86854239]
 [-54.86856288 -54.86869587 -54.86876565 -54.86878096 -54.86873285
  -54.86863328 -54.8684765 ]
 [-54.86851312 -54.86862674 -54.86868475 -54.86868899 -54.86863683
  -54.86852299 -54.86835302]
 [-54.86841004 -54.86851293 -54.86856072 -54.86855415 -54.86848531
  -54.86835617 -54.86817209]] 

