Starting calculation at10:49:02 on Sun 26 Feb 2023

Electronic part
-----------------
Reading file: ./CHGCAR
Potential stored on a 48x48x588 grid
Total number of points is 1354752
Reading potential data from file...done.

Total integrated electron number = 18.00000

Cell matrix:
Cell([[3.153161, 0.0, 0.0], [-1.57658, 2.730717, 0.0], [0.0, 0.0, 40.0]])

Crystal axis length (a,b,c)      =  3.15316 ,  3.15316 , 40.00000
Charge center (crystal axis)     =  0.57006 ,  0.40884 ,  0.26549
Charge center (Cartisen axis)    =  1.15293 ,  1.11643 , 10.61947

Total elect dipole moments (e*A) =  20.75272  20.09570  191.15041

Ionic part
-----------------
Reading file: ./OUTCAR
ZVAL          =  ['13.00', '5.00']
ions per type =  ['1', '1']

Ionic positions (Cartisen) for each type:
Type : 0
[[ 1.57658  0.91024  10.33492]]
Type : 1
[[ 0.00000  0.00000  11.34836]]

Total ionic dipole moments (e*A) =  20.49557  11.83310  191.09576

! Total dipole moment comes from:
!     \D_{ion} - \D_{elect}
! So the direction is correct.
! To use C/A unit, simply dot abs(e).

Total dipole moments (e*A)       =  -0.25715  -8.26261  -0.05465

End of calculation.
Program was running for 8.86 seconds.
