Force will be read from \n disp-001/vasprun.xml disp-002/vasprun.xml disp-003/vasprun.xml
        _
  _ __ | |__   ___  _ __   ___   _ __  _   _
 | '_ \| '_ \ / _ \| '_ \ / _ \ | '_ \| | | |
 | |_) | | | | (_) | | | | (_) || |_) | |_| |
 | .__/|_| |_|\___/|_| |_|\___(_) .__/ \__, |
 |_|                            |_|    |___/
                               2.16.2-rpost1

Python version 3.10.4
Spglib version 2.0.1

Displacements were read from "phonopy_disp.yaml".
counter (file index): 1 2 3 
"FORCE_SETS" has been created.
                 _
   ___ _ __   __| |
  / _ \ '_ \ / _` |
 |  __/ | | | (_| |
  \___|_| |_|\__,_|

        _
  _ __ | |__   ___  _ __   ___   _ __  _   _
 | '_ \| '_ \ / _ \| '_ \ / _ \ | '_ \| | | |
 | |_) | | | | (_) | | | | (_) || |_) | |_| |
 | .__/|_| |_|\___/|_| |_|\___(_) .__/ \__, |
 |_|                            |_|    |___/
                               2.16.2-rpost1

Python version 3.10.4
Spglib version 2.0.1

Phonopy configuration was read from "conf-band.conf".
Crystal structure was read from "POSCAR".
Unit of length: angstrom
Band structure mode
Settings:
  Supercell: [1 1 1]
Spacegroup: P6_3/mmc (194)
Use -v option to watch primitive cell, unit cell, and supercell structures.

Forces and displacements were read from "FORCE_SETS".
Computing force constants...
Max drift of force constants: 0.010893 (zz) -0.000006 (xx)

Reciprocal space paths in reduced coordinates:
[ 0.000  0.000  0.000] --> [ 0.500  0.000  0.000]
[ 0.500  0.000  0.000] --> [ 0.333  0.333  0.000]
[ 0.333  0.333  0.000] --> [ 0.000  0.000  0.000]
[ 0.000  0.000  0.000] --> [ 0.000  0.000  0.500]
[ 0.000  0.000  0.500] --> [ 0.500  0.000  0.500]
[ 0.500  0.000  0.500] --> [ 0.333  0.333  0.500]
[ 0.333  0.333  0.500] --> [ 0.000  0.000  0.500]
[ 0.000  0.000  0.500] --> [ 0.500  0.000  0.500]
[ 0.500  0.000  0.500] --> [ 0.500  0.000  0.000]
[ 0.500  0.000  0.000] --> [ 0.333  0.333  0.000]
[ 0.333  0.333  0.000] --> [ 0.333  0.333  0.500]

Summary of calculation was written in "phonopy.yaml".
                 _
   ___ _ __   __| |
  / _ \ '_ \ / _` |
 |  __/ | | | (_| |
  \___|_| |_|\__,_|

