        _
  _ __ | |__   ___  _ __   ___   _ __  _   _
 | '_ \| '_ \ / _ \| '_ \ / _ \ | '_ \| | | |
 | |_) | | | | (_) | | | | (_) || |_) | |_| |
 | .__/|_| |_|\___/|_| |_|\___(_) .__/ \__, |
 |_|                            |_|    |___/
                               2.16.2-rpost1

Python version 3.10.4
Spglib version 2.0.1

Crystal structure was read from "POSCAR".
Unit of length: angstrom
Displacements creation mode
Settings:
  Supercell: [1 1 1]
Spacegroup: P6_3/mmc (194)
Use -v option to watch primitive cell, unit cell, and supercell structures.

"phonopy_disp.yaml" and supercells have been created.

Summary of calculation was written in "phonopy_disp.yaml".
                 _
   ___ _ __   __| |
  / _ \ '_ \ / _` |
 |  __/ | | | (_| |
  \___|_| |_|\__,_|

